<?xml version="1.0" encoding="UTF-8"?>
<!-- Generated by org.testng.reporters.JUnitReportReporter -->
<testsuite hostname="DESKTOP-HPR4ORJ" failures="0" tests="1" name="cucumberOptions.TestNGTestRunner" time="157.415" errors="0" timestamp="2024-12-02T11:39:03 IST" skipped="0">
  <testcase classname="cucumberOptions.TestNGTestRunner" name="runScenario" time="157.415"/>
</testsuite> <!-- cucumberOptions.TestNGTestRunner -->
